{"level":"info","msg":"Using namespace '\u001b[1;37malbert\u001b[0m'","time":"2022-01-05T17:28:47+10:30"}
{"level":"info","msg":"Using kube context '\u001b[1;37marn:aws:eks:ap-southeast-2:319923562419:cluster/lumina-cluster\u001b[0m'","time":"2022-01-05T17:28:47+10:30"}
{"level":"fatal","msg":"error executing config expression node ./kubermetes/service-prep.js NAMESPACE=albert: exit status 1 (stdout: , stderr: node:internal/modules/cjs/loader:936\n  throw err;\n  ^\n\nError: Cannot find module '/Users/albert/repos/lumina/kubermetes/service-prep.js'\n    at Function.Module._resolveFilename (node:internal/modules/cjs/loader:933:15)\n    at Function.Module._load (node:internal/modules/cjs/loader:778:27)\n    at Function.executeUserEntryPoint [as runMain] (node:internal/modules/run_main:81:12)\n    at node:internal/main/run_main_module:17:47 {\n  code: 'MODULE_NOT_FOUND',\n  requireStack: []\n}\n)","time":"2022-01-05T17:28:47+10:30"}
{"level":"info","msg":"Using namespace '\u001b[1;37malbert\u001b[0m'","time":"2022-01-05T17:29:14+10:30"}
{"level":"info","msg":"Using kube context '\u001b[1;37marn:aws:eks:ap-southeast-2:319923562419:cluster/lumina-cluster\u001b[0m'","time":"2022-01-05T17:29:14+10:30"}
{"level":"fatal","msg":"error executing config expression node ./kubernetes/service-prep.js NAMESPACE=albert: exit status 1 (stdout: , stderr: node:internal/fs/utils:344\n    throw err;\n    ^\n\nError: ENOENT: no such file or directory, open './kubernetes/remotedev/services.yml'\n    at Object.openSync (node:fs:585:3)\n    at readFileSync (node:fs:453:35)\n    at Object.\u003canonymous\u003e (/Users/albert/repos/lumina/kubernetes/service-prep.js:2:11)\n    at Module._compile (node:internal/modules/cjs/loader:1101:14)\n    at Object.Module._extensions..js (node:internal/modules/cjs/loader:1153:10)\n    at Module.load (node:internal/modules/cjs/loader:981:32)\n    at Function.Module._load (node:internal/modules/cjs/loader:822:12)\n    at Function.executeUserEntryPoint [as runMain] (node:internal/modules/run_main:81:12)\n    at node:internal/main/run_main_module:17:47 {\n  errno: -2,\n  syscall: 'open',\n  code: 'ENOENT',\n  path: './kubernetes/remotedev/services.yml'\n}\n)","time":"2022-01-05T17:29:15+10:30"}
{"level":"info","msg":"Using namespace '\u001b[1;37malbert\u001b[0m'","time":"2022-01-05T17:34:03+10:30"}
{"level":"info","msg":"Using kube context '\u001b[1;37marn:aws:eks:ap-southeast-2:319923562419:cluster/lumina-cluster\u001b[0m'","time":"2022-01-05T17:34:03+10:30"}
{"level":"fatal","msg":"error executing config expression node ./kubernetes/service-prep.js NAMESPACE=albert: exit status 1 (stdout: , stderr: node:internal/fs/utils:344\n    throw err;\n    ^\n\nError: ENOENT: no such file or directory, open './kubernetes/generated/services.yml'\n    at Object.openSync (node:fs:585:3)\n    at writeFileSync (node:fs:2153:35)\n    at Object.\u003canonymous\u003e (/Users/albert/repos/lumina/kubernetes/service-prep.js:12:1)\n    at Module._compile (node:internal/modules/cjs/loader:1101:14)\n    at Object.Module._extensions..js (node:internal/modules/cjs/loader:1153:10)\n    at Module.load (node:internal/modules/cjs/loader:981:32)\n    at Function.Module._load (node:internal/modules/cjs/loader:822:12)\n    at Function.executeUserEntryPoint [as runMain] (node:internal/modules/run_main:81:12)\n    at node:internal/main/run_main_module:17:47 {\n  errno: -2,\n  syscall: 'open',\n  code: 'ENOENT',\n  path: './kubernetes/generated/services.yml'\n}\n)","time":"2022-01-05T17:34:04+10:30"}
{"level":"info","msg":"Using namespace '\u001b[1;37malbert\u001b[0m'","time":"2022-01-05T17:34:52+10:30"}
{"level":"info","msg":"Using kube context '\u001b[1;37marn:aws:eks:ap-southeast-2:319923562419:cluster/lumina-cluster\u001b[0m'","time":"2022-01-05T17:34:52+10:30"}
{"level":"fatal","msg":"convert config: Error loading config: yaml: unmarshal errors:\n  line 23: field buildKit not found in type latest.ImageConfig\n  line 25: cannot unmarshal !!str `frontend/` into latest.ImageConfig\n  line 26: cannot unmarshal !!str `./front...` into latest.ImageConfig\n  line 28: cannot unmarshal !!str `3199235...` into latest.ImageConfig","time":"2022-01-05T17:34:53+10:30"}
{"level":"info","msg":"Using namespace '\u001b[1;37malbert\u001b[0m'","time":"2022-01-05T17:36:23+10:30"}
{"level":"info","msg":"Using kube context '\u001b[1;37marn:aws:eks:ap-southeast-2:319923562419:cluster/lumina-cluster\u001b[0m'","time":"2022-01-05T17:36:23+10:30"}
{"level":"fatal","msg":"convert config: Error loading config: yaml: unmarshal errors:\n  line 23: field buildKit not found in type latest.ImageConfig\n  line 25: cannot unmarshal !!str `frontend/` into latest.ImageConfig\n  line 26: cannot unmarshal !!str `./front...` into latest.ImageConfig\n  line 28: cannot unmarshal !!str `3199235...` into latest.ImageConfig","time":"2022-01-05T17:36:24+10:30"}
{"level":"info","msg":"Using namespace '\u001b[1;37malbert\u001b[0m'","time":"2022-01-05T17:37:51+10:30"}
{"level":"info","msg":"Using kube context '\u001b[1;37marn:aws:eks:ap-southeast-2:319923562419:cluster/lumina-cluster\u001b[0m'","time":"2022-01-05T17:37:51+10:30"}
{"level":"info","msg":"Execute hook '\u001b[1;37maws sso login\u001b[0m' at \u001b[1;37mdevCommand:before:execute\u001b[0m","time":"2022-01-05T17:37:52+10:30"}
{"level":"info","msg":"Execute hook '\u001b[1;37maws ecr get-login-password | docker login --username AWS --password-stdin 319923562419.dkr.ecr.ap-southeast-2.amazonaws.com\u001b[0m' at \u001b[1;37mdevCommand:before:execute\u001b[0m","time":"2022-01-05T17:37:56+10:30"}
{"level":"info","msg":"Created image pull secret albert/devspace-auth-319923562419-dkr-ecr-ap-southeast-2-amazonaws-com","time":"2022-01-05T17:37:57+10:30"}
{"level":"info","msg":"Rebuild image  because tag is missing","time":"2022-01-05T17:37:57+10:30"}
{"level":"info","msg":"Building image '319923562419.dkr.ecr.ap-southeast-2.amazonaws.com/lumina-images/frontend:ZuVmmYc' with engine 'buildkit'","time":"2022-01-05T17:37:58+10:30"}
{"level":"info","msg":"Execute BuildKit command with: docker buildx build --tag 319923562419.dkr.ecr.ap-southeast-2.amazonaws.com/lumina-images/frontend:ZuVmmYc --push --file Dockerfile --builder devspace-albert -","time":"2022-01-05T17:38:01+10:30"}
{"level":"info","msg":"Done processing image '319923562419.dkr.ecr.ap-southeast-2.amazonaws.com/lumina-images/frontend'","time":"2022-01-05T17:39:03+10:30"}
{"level":"fatal","msg":"error deploying: error deploying framework: exit status 1\nPlease make sure the command `kubectl apply` does work locally with manifest `kubernetes/generated/`","time":"2022-01-05T17:39:05+10:30"}
{"level":"info","msg":"Using namespace '\u001b[1;37malbert\u001b[0m'","time":"2022-01-05T17:40:37+10:30"}
{"level":"info","msg":"Using kube context '\u001b[1;37marn:aws:eks:ap-southeast-2:319923562419:cluster/lumina-cluster\u001b[0m'","time":"2022-01-05T17:40:37+10:30"}
{"level":"info","msg":"Execute hook '\u001b[1;37maws sso login\u001b[0m' at \u001b[1;37mdevCommand:before:execute\u001b[0m","time":"2022-01-05T17:40:38+10:30"}
{"level":"info","msg":"Execute hook '\u001b[1;37maws ecr get-login-password | docker login --username AWS --password-stdin 319923562419.dkr.ecr.ap-southeast-2.amazonaws.com\u001b[0m' at \u001b[1;37mdevCommand:before:execute\u001b[0m","time":"2022-01-05T17:40:42+10:30"}
{"level":"info","msg":"Skip building image 'frontend'","time":"2022-01-05T17:40:44+10:30"}
{"level":"info","msg":"Successfully deployed framework with kubectl","time":"2022-01-05T17:40:46+10:30"}
{"level":"info","msg":"DevSpace UI available at: \u001b[1;37mhttp://localhost:8090\u001b[0m","time":"2022-01-05T17:40:46+10:30"}
{"level":"info","msg":"Using namespace '\u001b[1;37malbert\u001b[0m'","time":"2022-01-05T17:42:59+10:30"}
{"level":"info","msg":"Using kube context '\u001b[1;37marn:aws:eks:ap-southeast-2:319923562419:cluster/lumina-cluster\u001b[0m'","time":"2022-01-05T17:42:59+10:30"}
{"level":"info","msg":"Execute hook '\u001b[1;37maws sso login\u001b[0m' at \u001b[1;37mdevCommand:before:execute\u001b[0m","time":"2022-01-05T17:42:59+10:30"}
{"level":"info","msg":"Execute hook '\u001b[1;37maws ecr get-login-password | docker login --username AWS --password-stdin 319923562419.dkr.ecr.ap-southeast-2.amazonaws.com\u001b[0m' at \u001b[1;37mdevCommand:before:execute\u001b[0m","time":"2022-01-05T17:43:02+10:30"}
{"level":"info","msg":"Skip building image 'frontend'","time":"2022-01-05T17:43:05+10:30"}
{"level":"info","msg":"Successfully deployed framework with kubectl","time":"2022-01-05T17:43:07+10:30"}
{"level":"info","msg":"DevSpace UI available at: \u001b[1;37mhttp://localhost:8090\u001b[0m","time":"2022-01-05T17:43:07+10:30"}
{"level":"info","msg":"Starting log streaming","time":"2022-01-05T17:43:30+10:30"}
{"level":"info","msg":"Using namespace '\u001b[1;37malbert\u001b[0m'","time":"2022-01-05T17:45:55+10:30"}
{"level":"info","msg":"Using kube context '\u001b[1;37marn:aws:eks:ap-southeast-2:319923562419:cluster/lumina-cluster\u001b[0m'","time":"2022-01-05T17:45:55+10:30"}
{"level":"info","msg":"Execute hook '\u001b[1;37maws sso login\u001b[0m' at \u001b[1;37mdevCommand:before:execute\u001b[0m","time":"2022-01-05T17:45:56+10:30"}
{"level":"info","msg":"Execute hook '\u001b[1;37maws ecr get-login-password | docker login --username AWS --password-stdin 319923562419.dkr.ecr.ap-southeast-2.amazonaws.com\u001b[0m' at \u001b[1;37mdevCommand:before:execute\u001b[0m","time":"2022-01-05T17:46:08+10:30"}
{"level":"info","msg":"Rebuild image 319923562419.dkr.ecr.ap-southeast-2.amazonaws.com/lumina-images/frontend because build context has changed","time":"2022-01-05T17:46:10+10:30"}
{"level":"info","msg":"Building image '319923562419.dkr.ecr.ap-southeast-2.amazonaws.com/lumina-images/frontend:rlbLgDQ' with engine 'buildkit'","time":"2022-01-05T17:46:10+10:30"}
{"level":"info","msg":"Execute BuildKit command with: docker buildx build --tag 319923562419.dkr.ecr.ap-southeast-2.amazonaws.com/lumina-images/frontend:rlbLgDQ --push --file Dockerfile --builder devspace-albert -","time":"2022-01-05T17:46:12+10:30"}
{"level":"info","msg":"Done processing image '319923562419.dkr.ecr.ap-southeast-2.amazonaws.com/lumina-images/frontend'","time":"2022-01-05T17:47:14+10:30"}
{"level":"info","msg":"Successfully deployed framework with kubectl","time":"2022-01-05T17:47:16+10:30"}
{"level":"info","msg":"DevSpace UI available at: \u001b[1;37mhttp://localhost:8090\u001b[0m","time":"2022-01-05T17:47:16+10:30"}
{"level":"info","msg":"Starting log streaming","time":"2022-01-05T17:47:36+10:30"}
{"level":"info","msg":"Using namespace '\u001b[1;37malbert\u001b[0m'","time":"2022-01-05T17:55:40+10:30"}
{"level":"info","msg":"Using kube context '\u001b[1;37marn:aws:eks:ap-southeast-2:319923562419:cluster/lumina-cluster\u001b[0m'","time":"2022-01-05T17:55:40+10:30"}
{"level":"info","msg":"Execute hook '\u001b[1;37maws sso login\u001b[0m' at \u001b[1;37mdevCommand:before:execute\u001b[0m","time":"2022-01-05T17:55:41+10:30"}
{"level":"info","msg":"Execute hook '\u001b[1;37maws ecr get-login-password | docker login --username AWS --password-stdin 319923562419.dkr.ecr.ap-southeast-2.amazonaws.com\u001b[0m' at \u001b[1;37mdevCommand:before:execute\u001b[0m","time":"2022-01-05T17:55:45+10:30"}
{"level":"info","msg":"Rebuild image 319923562419.dkr.ecr.ap-southeast-2.amazonaws.com/lumina-images/frontend because dockerfile has changed","time":"2022-01-05T17:55:47+10:30"}
{"level":"info","msg":"Building image '319923562419.dkr.ecr.ap-southeast-2.amazonaws.com/lumina-images/frontend:fNgNPKo' with engine 'buildkit'","time":"2022-01-05T17:55:47+10:30"}
{"level":"info","msg":"Execute BuildKit command with: docker buildx build --tag 319923562419.dkr.ecr.ap-southeast-2.amazonaws.com/lumina-images/frontend:fNgNPKo --push --file Dockerfile --builder devspace-albert -","time":"2022-01-05T17:55:50+10:30"}
{"level":"info","msg":"Done processing image '319923562419.dkr.ecr.ap-southeast-2.amazonaws.com/lumina-images/frontend'","time":"2022-01-05T17:56:22+10:30"}
{"level":"info","msg":"Successfully deployed framework with kubectl","time":"2022-01-05T17:56:27+10:30"}
{"level":"info","msg":"DevSpace UI available at: \u001b[1;37mhttp://localhost:8090\u001b[0m","time":"2022-01-05T17:56:27+10:30"}
{"level":"info","msg":"Starting log streaming","time":"2022-01-05T17:56:42+10:30"}
{"level":"info","msg":"Using namespace '\u001b[1;37malbert\u001b[0m'","time":"2022-01-05T18:05:44+10:30"}
{"level":"info","msg":"Using kube context '\u001b[1;37marn:aws:eks:ap-southeast-2:319923562419:cluster/lumina-cluster\u001b[0m'","time":"2022-01-05T18:05:44+10:30"}
{"level":"info","msg":"Execute hook '\u001b[1;37maws sso login\u001b[0m' at \u001b[1;37mdevCommand:before:execute\u001b[0m","time":"2022-01-05T18:05:45+10:30"}
{"level":"info","msg":"Execute hook '\u001b[1;37maws ecr get-login-password | docker login --username AWS --password-stdin 319923562419.dkr.ecr.ap-southeast-2.amazonaws.com\u001b[0m' at \u001b[1;37mdevCommand:before:execute\u001b[0m","time":"2022-01-05T18:05:49+10:30"}
{"level":"info","msg":"Rebuild image 319923562419.dkr.ecr.ap-southeast-2.amazonaws.com/lumina-images/frontend because dockerfile has changed","time":"2022-01-05T18:05:51+10:30"}
{"level":"info","msg":"Building image '319923562419.dkr.ecr.ap-southeast-2.amazonaws.com/lumina-images/frontend:OzpwdrH' with engine 'buildkit'","time":"2022-01-05T18:05:51+10:30"}
{"level":"info","msg":"Execute BuildKit command with: docker buildx build --tag 319923562419.dkr.ecr.ap-southeast-2.amazonaws.com/lumina-images/frontend:OzpwdrH --push --file Dockerfile --builder devspace-albert -","time":"2022-01-05T18:05:53+10:30"}
{"level":"info","msg":"Done processing image '319923562419.dkr.ecr.ap-southeast-2.amazonaws.com/lumina-images/frontend'","time":"2022-01-05T18:06:21+10:30"}
{"level":"info","msg":"Successfully deployed framework with kubectl","time":"2022-01-05T18:06:23+10:30"}
{"level":"info","msg":"DevSpace UI available at: \u001b[1;37mhttp://localhost:8090\u001b[0m","time":"2022-01-05T18:06:23+10:30"}
{"level":"info","msg":"Starting log streaming","time":"2022-01-05T18:06:38+10:30"}
{"level":"info","msg":"Using namespace '\u001b[1;37malbert\u001b[0m'","time":"2022-01-05T18:26:42+10:30"}
{"level":"info","msg":"Using kube context '\u001b[1;37marn:aws:eks:ap-southeast-2:319923562419:cluster/lumina-cluster\u001b[0m'","time":"2022-01-05T18:26:42+10:30"}
{"level":"info","msg":"Execute hook '\u001b[1;37maws sso login\u001b[0m' at \u001b[1;37mdevCommand:before:execute\u001b[0m","time":"2022-01-05T18:26:42+10:30"}
{"level":"info","msg":"Execute hook '\u001b[1;37maws ecr get-login-password | docker login --username AWS --password-stdin 319923562419.dkr.ecr.ap-southeast-2.amazonaws.com\u001b[0m' at \u001b[1;37mdevCommand:before:execute\u001b[0m","time":"2022-01-05T18:27:53+10:30"}
{"level":"info","msg":"Rebuild image 319923562419.dkr.ecr.ap-southeast-2.amazonaws.com/lumina-images/frontend because build context has changed","time":"2022-01-05T18:27:55+10:30"}
{"level":"info","msg":"Building image '319923562419.dkr.ecr.ap-southeast-2.amazonaws.com/lumina-images/frontend:CwEppql' with engine 'buildkit'","time":"2022-01-05T18:27:55+10:30"}
{"level":"info","msg":"Execute BuildKit command with: docker buildx build --tag 319923562419.dkr.ecr.ap-southeast-2.amazonaws.com/lumina-images/frontend:CwEppql --push --file Dockerfile --builder devspace-albert -","time":"2022-01-05T18:27:56+10:30"}
{"level":"info","msg":"Done processing image '319923562419.dkr.ecr.ap-southeast-2.amazonaws.com/lumina-images/frontend'","time":"2022-01-05T18:28:07+10:30"}
{"level":"info","msg":"Successfully deployed framework with kubectl","time":"2022-01-05T18:28:12+10:30"}
{"level":"info","msg":"DevSpace UI available at: \u001b[1;37mhttp://localhost:8090\u001b[0m","time":"2022-01-05T18:28:12+10:30"}
{"level":"info","msg":"Starting log streaming","time":"2022-01-05T18:28:39+10:30"}
{"level":"info","msg":"Using namespace '\u001b[1;37malbert\u001b[0m'","time":"2022-01-05T20:39:29+10:30"}
{"level":"info","msg":"Using kube context '\u001b[1;37marn:aws:eks:ap-southeast-2:319923562419:cluster/lumina-cluster\u001b[0m'","time":"2022-01-05T20:39:29+10:30"}
{"level":"info","msg":"Execute hook '\u001b[1;37maws sso login\u001b[0m' at \u001b[1;37mdevCommand:before:execute\u001b[0m","time":"2022-01-05T20:39:30+10:30"}
{"level":"info","msg":"Execute hook '\u001b[1;37maws ecr get-login-password | docker login --username AWS --password-stdin 319923562419.dkr.ecr.ap-southeast-2.amazonaws.com\u001b[0m' at \u001b[1;37mdevCommand:before:execute\u001b[0m","time":"2022-01-05T20:39:35+10:30"}
{"level":"info","msg":"Rebuild image 319923562419.dkr.ecr.ap-southeast-2.amazonaws.com/lumina-images/frontend because build context has changed","time":"2022-01-05T20:39:37+10:30"}
{"level":"info","msg":"Building image '319923562419.dkr.ecr.ap-southeast-2.amazonaws.com/lumina-images/frontend:RpGwYOK' with engine 'buildkit'","time":"2022-01-05T20:39:37+10:30"}
{"level":"info","msg":"Execute BuildKit command with: docker buildx build --tag 319923562419.dkr.ecr.ap-southeast-2.amazonaws.com/lumina-images/frontend:RpGwYOK --push --file Dockerfile --builder devspace-albert -","time":"2022-01-05T20:39:39+10:30"}
